<?xml version="1.0" encoding="utf-8"?><testsuites name="pytest tests"><testsuite name="pytest" errors="0" failures="0" skipped="0" tests="21" time="2.417" timestamp="2026-02-22T10:48:26.720123+00:00" hostname="agent-env-deb022ac-408e-46ef-90e7-4613d5510094"><testcase classname="backend.tests.test_b8_b12.TestCatalogV2API" name="test_catalog_returns_products" time="0.227" /><testcase classname="backend.tests.test_b8_b12.TestCatalogV2API" name="test_catalog_pagination" time="0.107" /><testcase classname="backend.tests.test_b8_b12.TestCatalogV2API" name="test_catalog_sort_price_asc" time="0.126" /><testcase classname="backend.tests.test_b8_b12.TestCatalogV2API" name="test_catalog_sort_price_desc" time="0.103" /><testcase classname="backend.tests.test_b8_b12.TestCatalogV2API" name="test_catalog_price_filter" time="0.100" /><testcase classname="backend.tests.test_b8_b12.TestCatalogV2API" name="test_catalog_in_stock_filter" time="0.142" /><testcase classname="backend.tests.test_b8_b12.TestCatalogFilters" name="test_catalog_filters_returns_data" time="0.109" /><testcase classname="backend.tests.test_b8_b12.TestSearchSuggestAPI" name="test_search_suggest_returns_structure" time="0.103" /><testcase classname="backend.tests.test_b8_b12.TestSearchSuggestAPI" name="test_search_suggest_products" time="0.101" /><testcase classname="backend.tests.test_b8_b12.TestSearchSuggestAPI" name="test_search_suggest_categories" time="0.100" /><testcase classname="backend.tests.test_b8_b12.TestSearchSuggestAPI" name="test_search_suggest_popular_queries" time="0.112" /><testcase classname="backend.tests.test_b8_b12.TestSearchSuggestAPI" name="test_search_suggest_empty_query_returns_popular" time="0.107" /><testcase classname="backend.tests.test_b8_b12.TestSearchSuggestAPI" name="test_search_suggest_ukrainian_query" time="0.104" /><testcase classname="backend.tests.test_b8_b12.TestCatalogSearch" name="test_catalog_search_returns_items" time="0.102" /><testcase classname="backend.tests.test_b8_b12.TestCatalogSearch" name="test_catalog_search_with_filters" time="0.106" /><testcase classname="backend.tests.test_b8_b12.TestCatalogSearch" name="test_catalog_search_returns_meta" time="0.098" /><testcase classname="backend.tests.test_b8_b12.TestRelatedProducts" name="test_related_products_endpoint" time="0.099" /><testcase classname="backend.tests.test_b8_b12.TestRelatedProducts" name="test_related_products_nonexistent" time="0.096" /><testcase classname="backend.tests.test_b8_b12.TestProductBundles" name="test_bundles_endpoint" time="0.099" /><testcase classname="backend.tests.test_b8_b12.TestCategoriesTree" name="test_categories_tree" time="0.102" /><testcase classname="backend.tests.test_b8_b12.TestFullSearchAPI" name="test_full_search" time="0.103" /></testsuite></testsuites>