<?xml version="1.0" encoding="utf-8"?><testsuites name="pytest tests"><testsuite name="pytest" errors="0" failures="0" skipped="0" tests="14" time="2.106" timestamp="2026-02-22T09:38:23.263067+00:00" hostname="agent-env-c8e4539a-8b56-46a7-8d3a-83932617f63b"><testcase classname="tests.test_catalog_v2.TestCatalogEndpoints" name="test_catalog_basic" time="0.488" /><testcase classname="tests.test_catalog_v2.TestCatalogEndpoints" name="test_catalog_returns_product_structure" time="0.147" /><testcase classname="tests.test_catalog_v2.TestCatalogEndpoints" name="test_catalog_sorting_price_asc" time="0.111" /><testcase classname="tests.test_catalog_v2.TestCatalogEndpoints" name="test_catalog_sorting_price_desc" time="0.110" /><testcase classname="tests.test_catalog_v2.TestCatalogEndpoints" name="test_catalog_sorting_popular" time="0.113" /><testcase classname="tests.test_catalog_v2.TestCatalogEndpoints" name="test_catalog_sorting_new" time="0.104" /><testcase classname="tests.test_catalog_v2.TestCatalogEndpoints" name="test_catalog_pagination" time="0.107" /><testcase classname="tests.test_catalog_v2.TestCatalogEndpoints" name="test_catalog_in_stock_filter" time="0.116" /><testcase classname="tests.test_catalog_v2.TestCatalogEndpoints" name="test_catalog_price_range_filter" time="0.102" /><testcase classname="tests.test_catalog_v2.TestCatalogFiltersEndpoint" name="test_catalog_filters_basic" time="0.110" /><testcase classname="tests.test_catalog_v2.TestCatalogFacetsEndpoint" name="test_catalog_facets_basic" time="0.109" /><testcase classname="tests.test_catalog_v2.TestCatalogFacetsEndpoint" name="test_facets_categories_structure" time="0.146" /><testcase classname="tests.test_catalog_v2.TestSearchEndpoints" name="test_search_suggest" time="0.098" /><testcase classname="tests.test_catalog_v2.TestSearchEndpoints" name="test_search_full" time="0.133" /></testsuite></testsuites>